#
# There is insufficient memory for the Java Runtime Environment to continue.
# Native memory allocation (malloc) failed to allocate 1048576 bytes for AllocateHeap
# Possible reasons:
#   The system is out of physical RAM or swap space
#   The process is running with CompressedOops enabled, and the Java Heap may be blocking the growth of the native heap
# Possible solutions:
#   Reduce memory load on the system
#   Increase physical memory or swap space
#   Check if swap backing store is full
#   Decrease Java heap size (-Xmx/-Xms)
#   Decrease number of Java threads
#   Decrease Java thread stack sizes (-Xss)
#   Set larger code cache with -XX:ReservedCodeCacheSize=
#   JVM is running with Unscaled Compressed Oops mode in which the Java heap is
#     placed in the first 4GB address space. The Java Heap base address is the
#     maximum limit for the native heap growth. Please use -XX:HeapBaseMinAddress
#     to set the Java Heap base and to place the Java Heap above 4GB virtual address.
# This output file may be truncated or incomplete.
#
#  Out of Memory Error (memory/allocation.inline.hpp:61), pid=8976, tid=0x0000000000003434
#
# JRE version:  (8.0_322-b06) (build )
# Java VM: OpenJDK 64-Bit Server VM (25.322-b06 mixed mode windows-amd64 compressed oops)
# Failed to write core dump. Minidumps are not enabled by default on client versions of Windows
#

---------------  T H R E A D  ---------------

Current thread (0x000001d10ef11000):  JavaThread "Unknown thread" [_thread_in_vm, id=13364, stack(0x000000a750100000,0x000000a750200000)]

Stack: [0x000000a750100000,0x000000a750200000]
[error occurred during error reporting (printing stack bounds), id 0xc0000005]

Native frames: (J=compiled Java code, j=interpreted, Vv=VM code, C=native code)


---------------  P R O C E S S  ---------------

Java Threads: ( => current thread )

Other Threads:

=>0x000001d10ef11000 (exited) JavaThread "Unknown thread" [_thread_in_vm, id=13364, stack(0x000000a750100000,0x000000a750200000)]

VM state:not at safepoint (normal execution)

VM Mutex/Monitor currently owned by a thread: None

heap address: 0x0000000081e00000, size: 2018 MB, Compressed Oops mode: 32-bit
Narrow klass base: 0x0000000000000000, Narrow klass shift: 3
Compressed class space size: 1073741824 Address: 0x0000000100000000

Heap:
 PSYoungGen      total 38400K, used 665K [0x00000000d5f80000, 0x00000000d8a00000, 0x0000000100000000)
  eden space 33280K, 2% used [0x00000000d5f80000,0x00000000d6026670,0x00000000d8000000)
  from space 5120K, 0% used [0x00000000d8500000,0x00000000d8500000,0x00000000d8a00000)
  to   space 5120K, 0% used [0x00000000d8000000,0x00000000d8000000,0x00000000d8500000)
 ParOldGen       total 87552K, used 0K [0x0000000081e00000, 0x0000000087380000, 0x00000000d5f80000)
  object space 87552K, 0% used [0x0000000081e00000,0x0000000081e00000,0x0000000087380000)
 Metaspace       used 782K, capacity 4480K, committed 4480K, reserved 1056768K
  class space    used 76K, capacity 384K, committed 384K, reserved 1048576K

Card table byte_map: [0x000001d11fd10000,0x000001d120110000] byte_map_base: 0x000001d11f901000

Marking Bits: (ParMarkBitMap*) 0x00000000557a7860
 Begin Bits: [0x000001d1203c0000, 0x000001d122348000)
 End Bits:   [0x000001d122348000, 0x000001d1242d0000)

Polling page: 0x000001d10f0d0000

CodeCache: size=245760Kb used=328Kb max_used=328Kb free=245431Kb
 bounds [0x000001d110950000, 0x000001d110bc0000, 0x000001d11f950000]
 total_blobs=57 nmethods=0 adapters=38
 compilation: enabled

Compilation events (0 events):
No events

GC Heap History (0 events):
No events

Deoptimization events (0 events):
No events

Classes redefined (0 events):
No events

Internal exceptions (0 events):
No events

Events (10 events):
Event: 0.022 loading class java/lang/Short
Event: 0.022 loading class java/lang/Short done
Event: 0.022 loading class java/lang/Integer
Event: 0.022 loading class java/lang/Integer done
Event: 0.022 loading class java/lang/Long
Event: 0.022 loading class java/lang/Long done
Event: 0.023 loading class java/lang/NullPointerException
Event: 0.023 loading class java/lang/NullPointerException done
Event: 0.023 loading class java/lang/ArithmeticException
Event: 0.023 loading class java/lang/ArithmeticException done


Dynamic libraries:
0x00007ff766260000 - 0x00007ff76629a000 	C:\Users\LENOVO\.jdks\corretto-1.8.0_322\bin\java.exe
0x00007ffdddef0000 - 0x00007ffdde0e5000 	C:\WINDOWS\SYSTEM32\ntdll.dll
0x00007ffddc4a0000 - 0x00007ffddc55e000 	C:\WINDOWS\System32\KERNEL32.DLL
0x00007ffddbc70000 - 0x00007ffddbf38000 	C:\WINDOWS\System32\KERNELBASE.dll
0x00007ffddc280000 - 0x00007ffddc32e000 	C:\WINDOWS\System32\ADVAPI32.dll
0x00007ffddd9f0000 - 0x00007ffddda8e000 	C:\WINDOWS\System32\msvcrt.dll
0x00007ffddc400000 - 0x00007ffddc49c000 	C:\WINDOWS\System32\sechost.dll
0x00007ffddda90000 - 0x00007ffdddbb5000 	C:\WINDOWS\System32\RPCRT4.dll
0x00007ffddbf40000 - 0x00007ffddc0e0000 	C:\WINDOWS\System32\USER32.dll
0x00007ffddb670000 - 0x00007ffddb692000 	C:\WINDOWS\System32\win32u.dll
0x00007ffddd650000 - 0x00007ffddd67b000 	C:\WINDOWS\System32\GDI32.dll
0x00007ffddb7e0000 - 0x00007ffddb8ed000 	C:\WINDOWS\System32\gdi32full.dll
0x00007ffddbad0000 - 0x00007ffddbb6d000 	C:\WINDOWS\System32\msvcp_win.dll
0x00007ffddbb70000 - 0x00007ffddbc70000 	C:\WINDOWS\System32\ucrtbase.dll
0x00007ffdda960000 - 0x00007ffddabfa000 	C:\WINDOWS\WinSxS\amd64_microsoft.windows.common-controls_6595b64144ccf1df_6.0.19041.1110_none_60b5254171f9507e\COMCTL32.dll
0x00007ffddd620000 - 0x00007ffddd650000 	C:\WINDOWS\System32\IMM32.DLL
0x00007ffda1ac0000 - 0x00007ffda1baf000 	C:\Users\LENOVO\.jdks\corretto-1.8.0_322\jre\bin\msvcr120.dll
0x00007ffda1a10000 - 0x00007ffda1ab6000 	C:\Users\LENOVO\.jdks\corretto-1.8.0_322\jre\bin\msvcp120.dll
0x0000000054fb0000 - 0x0000000055826000 	C:\Users\LENOVO\.jdks\corretto-1.8.0_322\jre\bin\server\jvm.dll
0x00007ffddd9e0000 - 0x00007ffddd9e8000 	C:\WINDOWS\System32\PSAPI.DLL
0x00007ffddb1f0000 - 0x00007ffddb1f9000 	C:\WINDOWS\SYSTEM32\WSOCK32.dll
0x00007ffddde40000 - 0x00007ffdddeab000 	C:\WINDOWS\System32\WS2_32.dll
0x00007ffdcc540000 - 0x00007ffdcc567000 	C:\WINDOWS\SYSTEM32\WINMM.dll
0x00007ffdd5170000 - 0x00007ffdd517a000 	C:\WINDOWS\SYSTEM32\VERSION.dll
0x00007ffdd4b40000 - 0x00007ffdd4b4f000 	C:\Users\LENOVO\.jdks\corretto-1.8.0_322\jre\bin\verify.dll
0x00007ffdb8d50000 - 0x00007ffdb8d79000 	C:\Users\LENOVO\.jdks\corretto-1.8.0_322\jre\bin\java.dll
0x00007ffdca090000 - 0x00007ffdca0ba000 	C:\Users\LENOVO\.jdks\corretto-1.8.0_322\jre\bin\instrument.dll
0x00007ffdca060000 - 0x00007ffdca076000 	C:\Users\LENOVO\.jdks\corretto-1.8.0_322\jre\bin\zip.dll

VM Arguments:
jvm_args: -ea -Didea.test.cyclic.buffer.size=1048576 -javaagent:C:\Program Files\JetBrains\IntelliJ IDEA 2021.3.2\lib\idea_rt.jar=49293:C:\Program Files\JetBrains\IntelliJ IDEA 2021.3.2\bin -Dfile.encoding=UTF-8 
java_command: com.intellij.rt.junit.JUnitStarter -ideVersion5 -junit4 metier.calculTest
java_class_path (initial): C:\Program Files\JetBrains\IntelliJ IDEA 2021.3.2\lib\idea_rt.jar;C:\Program Files\JetBrains\IntelliJ IDEA 2021.3.2\plugins\junit\lib\junit5-rt.jar;C:\Program Files\JetBrains\IntelliJ IDEA 2021.3.2\plugins\junit\lib\junit-rt.jar;C:\Users\LENOVO\.jdks\corretto-1.8.0_322\jre\lib\charsets.jar;C:\Users\LENOVO\.jdks\corretto-1.8.0_322\jre\lib\ext\access-bridge-64.jar;C:\Users\LENOVO\.jdks\corretto-1.8.0_322\jre\lib\ext\cldrdata.jar;C:\Users\LENOVO\.jdks\corretto-1.8.0_322\jre\lib\ext\dnsns.jar;C:\Users\LENOVO\.jdks\corretto-1.8.0_322\jre\lib\ext\jaccess.jar;C:\Users\LENOVO\.jdks\corretto-1.8.0_322\jre\lib\ext\jfxrt.jar;C:\Users\LENOVO\.jdks\corretto-1.8.0_322\jre\lib\ext\localedata.jar;C:\Users\LENOVO\.jdks\corretto-1.8.0_322\jre\lib\ext\nashorn.jar;C:\Users\LENOVO\.jdks\corretto-1.8.0_322\jre\lib\ext\sunec.jar;C:\Users\LENOVO\.jdks\corretto-1.8.0_322\jre\lib\ext\sunjce_provider.jar;C:\Users\LENOVO\.jdks\corretto-1.8.0_322\jre\lib\ext\sunmscapi.jar;C:\Users\LENOVO\.jdks\corretto-1.8.0_322\jre\lib\ext\sunpkcs11.jar;C:\Users\LENOVO\.jdks\corretto-1.8.0_322\jre\lib\ext\zipfs.jar;C:\Users\LENOVO\.jdks\corretto-1.8.0_322\jre\lib\jce.jar;C:\Users\LENOVO\.jdks\corretto-1.8.0_322\jre\lib\jfr.jar;C:\Users\LENOVO\.jdks\corretto-1.8.0_322\jre\lib\jfxswt.jar;C:\Users\LENOVO\.jdks\corretto-1.8.0_322\jre\lib\jsse.jar;C:\Users\LENOVO\.jdks\corretto-1.8.0_322\jre\lib\management-agent.jar;C:\Users\LENOVO\.jdks\corretto-1.8.0_322\jre\lib\resources.jar;C:\Users\LENOVO\.jdks\corretto-1.8.0_322\jre\lib\rt.jar;C:\Users\LENOVO\IdeaProjects\JEE-InversionDeControle2\target\test-classes;C:\Users\LENOVO\IdeaProjects\JEE-InversionDeControle2\target\classes;C:\Users\LENOVO\.m2\repository\org\springframework\spring-core\5.3.16\spring-core-5.3.16.jar;C:\Users\LENOVO\.m2\repository\org\springframework\spring-jcl\5.3.16\spring-jcl-5.3.16.jar;C:\Users\LENOVO\.m2\repository\org\springframework\spring-context\5.3.16\spring-context-5.3.16.jar;C:\Users\LENOVO\.m2\repository\org\s
Launcher Type: SUN_STANDARD

Environment Variables:
PATH=C:\win_flex_bison-2.5.24;C:\WINDOWS\system32;C:\WINDOWS;C:\WINDOWS\System32\Wbem;C:\WINDOWS\System32\WindowsPowerShell\v1.0\;C:\WINDOWS\System32\OpenSSH\;C:\Program Files\dotnet\;C:\Program Files\Microsoft SQL Server\130\Tools\Binn\;C:\Program Files\Microsoft SQL Server\Client SDK\ODBC\170\Tools\Binn\;C:\Program Files (x86)\dotnet\;C:\Program Files\nodejs\;C:\Users\LENOVO\Desktop\ecommerce\Scripts;C:\Program Files (x86)\Microsoft SQL Server\150\Tools\Binn\;C:\Program Files\Microsoft SQL Server\150\Tools\Binn\;C:\Program Files\Microsoft SQL Server\150\DTS\Binn\;C:\Program Files (x86)\Microsoft SQL Server\150\DTS\Binn\;C:\Program Files\Azure Data Studio\bin;C:\Program Files\CodeBlocks\MinGW\bin;C:\ProgramData\chocolatey\bin;C:\Users\LENOVO\AppData\Local\Programs\Python\Python39\Scripts\;C:\Users\LENOVO\AppData\Local\Programs\Python\Python39\;C:\Users\LENOVO\AppData\Local\Microsoft\WindowsApps;;C:\Users\LENOVO\AppData\Local\Programs\Microsoft VS Code\bin;C:\Users\LENOVO\.dotnet\tools;C:\Users\LENOVO\AppData\Roaming\npm;C:\Program Files\Azure Data Studio\bin;C:\Users\LENOVO\AppData\Local\Programs\mongosh\
USERNAME=LENOVO
OS=Windows_NT
PROCESSOR_IDENTIFIER=Intel64 Family 6 Model 158 Stepping 10, GenuineIntel



---------------  S Y S T E M  ---------------

OS: Windows 10.0 , 64 bit Build 19041 (10.0.19041.1503)

CPU:total 8 (initial active 8) (4 cores per cpu, 2 threads per core) family 6 model 158 stepping 10, cmov, cx8, fxsr, mmx, sse, sse2, sse3, ssse3, sse4.1, sse4.2, popcnt, avx, avx2, aes, clmul, erms, 3dnowpref, lzcnt, ht, tsc, tscinvbit, bmi1, bmi2, adx

Memory: 4k page, physical 8259892k(1924848k free), swap 9283892k(6112k free)

vm_info: OpenJDK 64-Bit Server VM (25.322-b06) for windows-amd64 JRE (1.8.0_322-b06), built on Jan 13 2022 23:37:51 by "Administrator" with MS VC++ 12.0 (VS2013)

time: Mon Mar 14 13:33:58 2022
timezone: Maroc (heure d?été)
elapsed time: 0.027876 seconds (0d 0h 0m 0s)

